<?xml version="1.0" encoding="UTF-8"?>
<!-- Generated by org.testng.reporters.JUnitReportReporter -->
<testsuite hostname="DESKTOP-R724U4A" failures="0" tests="2" name="Tests.Login.TC01_LoginTest" time="1.643" errors="0" timestamp="2023-08-16T06:57:46 EET" skipped="0">
  <testcase classname="Tests.Login.TC01_LoginTest" name="validLogin" time="0.454"/>
  <testcase classname="Tests.Login.TC01_LoginTest" name="LogOuT" time="1.189"/>
</testsuite> <!-- Tests.Login.TC01_LoginTest -->
