<?xml version="1.0" encoding="UTF-8"?>
<!-- Generated by org.testng.reporters.JUnitReportReporter -->
<testsuite hostname="DESKTOP-R724U4A" failures="0" tests="1" name="Tests.Login.TC01_2_invalidLoginTest" time="0.443" errors="0" timestamp="2023-08-16T06:57:46 EET" skipped="0">
  <testcase classname="Tests.Login.TC01_2_invalidLoginTest" name="invalidLogin" time="0.443"/>
</testsuite> <!-- Tests.Login.TC01_2_invalidLoginTest -->
